app/build/intermediates/manifest_merge_blame_file/debug/manifest-merger-blame-debug-report.txt
1<?xml version="1.0" encoding="utf-8"?>
2<manifest xmlns:android="http://schemas.android.com/apk/res/android"
3    package="com.example.greentag"
4    android:versionCode="1"
5    android:versionName="1.0" >
6
7    <uses-sdk
8        android:minSdkVersion="22"
8-->src\main\AndroidManifest.xml
9        android:targetSdkVersion="30" />
9-->src\main\AndroidManifest.xml
10
11    <!-- Declare features -->
12    <uses-feature android:name="android.hardware.camera.any" /> <!-- Declare permissions -->
12-->[com.github.owahltinez:androidx-camera-activity:master-SNAPSHOT] AndroidManifest.xml:27:5-64
12-->[com.github.owahltinez:androidx-camera-activity:master-SNAPSHOT] AndroidManifest.xml:27:19-61
13    <uses-permission android:name="android.permission.CAMERA" />
13-->[com.github.owahltinez:androidx-camera-activity:master-SNAPSHOT] AndroidManifest.xml:30:5-65
13-->[com.github.owahltinez:androidx-camera-activity:master-SNAPSHOT] AndroidManifest.xml:30:22-62
14    <uses-permission android:name="android.permission.INTERNET" />
14-->[com.google.firebase:firebase-auth:20.0.4] AndroidManifest.xml:23:5-67
14-->[com.google.firebase:firebase-auth:20.0.4] AndroidManifest.xml:23:22-64
15    <uses-permission android:name="android.permission.ACCESS_NETWORK_STATE" />
15-->[com.google.firebase:firebase-auth:20.0.4] AndroidManifest.xml:24:5-79
15-->[com.google.firebase:firebase-auth:20.0.4] AndroidManifest.xml:24:22-76
16
17    <application
17-->src\main\AndroidManifest.xml:5:5-33:19
18        android:allowBackup="true"
18-->src\main\AndroidManifest.xml:6:9-35
19        android:appComponentFactory="androidx.core.app.CoreComponentFactory"
19-->[androidx.core:core:1.3.1] AndroidManifest.xml:24:18-86
20        android:debuggable="true"
21        android:icon="@mipmap/ic_launcher"
21-->src\main\AndroidManifest.xml:7:9-43
22        android:label="@string/app_name"
22-->src\main\AndroidManifest.xml:8:9-41
23        android:roundIcon="@mipmap/ic_launcher_round"
23-->src\main\AndroidManifest.xml:9:9-54
24        android:supportsRtl="true"
24-->src\main\AndroidManifest.xml:10:9-35
25        android:testOnly="true"
26        android:theme="@style/Theme.GreenTag" >
26-->src\main\AndroidManifest.xml:11:9-46
27        <activity android:name="com.example.greentag.HomeScreen" >
27-->src\main\AndroidManifest.xml:12:9-18:20
27-->src\main\AndroidManifest.xml:12:19-45
28            <intent-filter>
28-->src\main\AndroidManifest.xml:13:13-17:29
29                <action android:name="android.intent.action.MAIN" />
29-->src\main\AndroidManifest.xml:14:17-69
29-->src\main\AndroidManifest.xml:14:25-66
30
31                <category android:name="android.intent.category.LAUNCHER" />
31-->src\main\AndroidManifest.xml:16:17-77
31-->src\main\AndroidManifest.xml:16:27-74
32            </intent-filter>
33        </activity>
34        <activity android:name="com.example.greentag.SignUpActivity" />
34-->src\main\AndroidManifest.xml:19:9-52
34-->src\main\AndroidManifest.xml:19:19-49
35        <activity android:name="com.example.greentag.LoginActivity" />
35-->src\main\AndroidManifest.xml:20:9-51
35-->src\main\AndroidManifest.xml:20:19-48
36        <activity android:name="com.example.greentag.WelcomeActivity" />
36-->src\main\AndroidManifest.xml:21:9-53
36-->src\main\AndroidManifest.xml:21:19-50
37        <activity android:name="androidx.camera.activity.PhotoActivity" >
37-->src\main\AndroidManifest.xml:22:9-24:20
37-->src\main\AndroidManifest.xml:22:19-72
38
39            <!-- Optional: configuration via meta-data tags can be added here -->
40        </activity>
41        <activity android:name="com.example.greentag.SplashScreenActivity" >
41-->src\main\AndroidManifest.xml:25:9-32:20
41-->src\main\AndroidManifest.xml:25:19-55
42
43            <!-- <intent-filter> -->
44            <!-- <action android:name="android.intent.action.MAIN" /> -->
45
46
47            <!-- <category android:name="android.intent.category.LAUNCHER" /> -->
48            <!-- </intent-filter> -->
49        </activity>
50        <activity
50-->[com.google.firebase:firebase-auth:20.0.4] AndroidManifest.xml:27:9-44:20
51            android:name="com.google.firebase.auth.internal.GenericIdpActivity"
51-->[com.google.firebase:firebase-auth:20.0.4] AndroidManifest.xml:28:13-80
52            android:excludeFromRecents="true"
52-->[com.google.firebase:firebase-auth:20.0.4] AndroidManifest.xml:29:13-46
53            android:exported="true"
53-->[com.google.firebase:firebase-auth:20.0.4] AndroidManifest.xml:30:13-36
54            android:launchMode="singleTask"
54-->[com.google.firebase:firebase-auth:20.0.4] AndroidManifest.xml:31:13-44
55            android:theme="@android:style/Theme.Translucent.NoTitleBar" >
55-->[com.google.firebase:firebase-auth:20.0.4] AndroidManifest.xml:32:13-72
56            <intent-filter>
56-->[com.google.firebase:firebase-auth:20.0.4] AndroidManifest.xml:33:13-43:29
57                <action android:name="android.intent.action.VIEW" />
57-->[com.google.firebase:firebase-auth:20.0.4] AndroidManifest.xml:34:17-69
57-->[com.google.firebase:firebase-auth:20.0.4] AndroidManifest.xml:34:25-66
58
59                <category android:name="android.intent.category.DEFAULT" />
59-->[com.google.firebase:firebase-auth:20.0.4] AndroidManifest.xml:36:17-76
59-->[com.google.firebase:firebase-auth:20.0.4] AndroidManifest.xml:36:27-73
60                <category android:name="android.intent.category.BROWSABLE" />
60-->[com.google.firebase:firebase-auth:20.0.4] AndroidManifest.xml:37:17-78
60-->[com.google.firebase:firebase-auth:20.0.4] AndroidManifest.xml:37:27-75
61
62                <data
62-->[com.google.firebase:firebase-auth:20.0.4] AndroidManifest.xml:39:17-42:51
63                    android:host="firebase.auth"
63-->[com.google.firebase:firebase-auth:20.0.4] AndroidManifest.xml:40:21-49
64                    android:path="/"
64-->[com.google.firebase:firebase-auth:20.0.4] AndroidManifest.xml:41:21-37
65                    android:scheme="genericidp" />
65-->[com.google.firebase:firebase-auth:20.0.4] AndroidManifest.xml:42:21-48
66            </intent-filter>
67        </activity>
68        <activity
68-->[com.google.firebase:firebase-auth:20.0.4] AndroidManifest.xml:45:9-62:20
69            android:name="com.google.firebase.auth.internal.RecaptchaActivity"
69-->[com.google.firebase:firebase-auth:20.0.4] AndroidManifest.xml:46:13-79
70            android:excludeFromRecents="true"
70-->[com.google.firebase:firebase-auth:20.0.4] AndroidManifest.xml:47:13-46
71            android:exported="true"
71-->[com.google.firebase:firebase-auth:20.0.4] AndroidManifest.xml:48:13-36
72            android:launchMode="singleTask"
72-->[com.google.firebase:firebase-auth:20.0.4] AndroidManifest.xml:49:13-44
73            android:theme="@android:style/Theme.Translucent.NoTitleBar" >
73-->[com.google.firebase:firebase-auth:20.0.4] AndroidManifest.xml:50:13-72
74            <intent-filter>
74-->[com.google.firebase:firebase-auth:20.0.4] AndroidManifest.xml:51:13-61:29
75                <action android:name="android.intent.action.VIEW" />
75-->[com.google.firebase:firebase-auth:20.0.4] AndroidManifest.xml:34:17-69
75-->[com.google.firebase:firebase-auth:20.0.4] AndroidManifest.xml:34:25-66
76
77                <category android:name="android.intent.category.DEFAULT" />
77-->[com.google.firebase:firebase-auth:20.0.4] AndroidManifest.xml:36:17-76
77-->[com.google.firebase:firebase-auth:20.0.4] AndroidManifest.xml:36:27-73
78                <category android:name="android.intent.category.BROWSABLE" />
78-->[com.google.firebase:firebase-auth:20.0.4] AndroidManifest.xml:37:17-78
78-->[com.google.firebase:firebase-auth:20.0.4] AndroidManifest.xml:37:27-75
79
80                <data
80-->[com.google.firebase:firebase-auth:20.0.4] AndroidManifest.xml:39:17-42:51
81                    android:host="firebase.auth"
81-->[com.google.firebase:firebase-auth:20.0.4] AndroidManifest.xml:40:21-49
82                    android:path="/"
82-->[com.google.firebase:firebase-auth:20.0.4] AndroidManifest.xml:41:21-37
83                    android:scheme="recaptcha" />
83-->[com.google.firebase:firebase-auth:20.0.4] AndroidManifest.xml:42:21-48
84            </intent-filter>
85        </activity>
86
87        <service
87-->[com.google.firebase:firebase-auth:20.0.4] AndroidManifest.xml:64:9-73:19
88            android:name="com.google.firebase.auth.api.fallback.service.FirebaseAuthFallbackService"
88-->[com.google.firebase:firebase-auth:20.0.4] AndroidManifest.xml:65:13-101
89            android:enabled="true"
89-->[com.google.firebase:firebase-auth:20.0.4] AndroidManifest.xml:66:13-35
90            android:exported="false" >
90-->[com.google.firebase:firebase-auth:20.0.4] AndroidManifest.xml:67:13-37
91            <intent-filter>
91-->[com.google.firebase:firebase-auth:20.0.4] AndroidManifest.xml:68:13-72:29
92                <action android:name="com.google.firebase.auth.api.gms.service.START" />
92-->[com.google.firebase:firebase-auth:20.0.4] AndroidManifest.xml:69:17-89
92-->[com.google.firebase:firebase-auth:20.0.4] AndroidManifest.xml:69:25-86
93
94                <category android:name="android.intent.category.DEFAULT" />
94-->[com.google.firebase:firebase-auth:20.0.4] AndroidManifest.xml:36:17-76
94-->[com.google.firebase:firebase-auth:20.0.4] AndroidManifest.xml:36:27-73
95            </intent-filter>
96        </service>
97        <service
97-->[com.google.firebase:firebase-auth:20.0.4] AndroidManifest.xml:74:9-80:19
98            android:name="com.google.firebase.components.ComponentDiscoveryService"
98-->[com.google.firebase:firebase-auth:20.0.4] AndroidManifest.xml:75:13-84
99            android:directBootAware="true"
99-->[com.google.firebase:firebase-common:19.4.0] AndroidManifest.xml:35:13-43
100            android:exported="false" >
100-->[com.google.firebase:firebase-auth:20.0.4] AndroidManifest.xml:76:13-37
101            <meta-data
101-->[com.google.firebase:firebase-auth:20.0.4] AndroidManifest.xml:77:13-79:85
102                android:name="com.google.firebase.components:com.google.firebase.auth.FirebaseAuthRegistrar"
102-->[com.google.firebase:firebase-auth:20.0.4] AndroidManifest.xml:78:17-109
103                android:value="com.google.firebase.components.ComponentRegistrar" />
103-->[com.google.firebase:firebase-auth:20.0.4] AndroidManifest.xml:79:17-82
104        </service>
105
106        <activity
106-->[com.google.android.gms:play-services-base:17.1.0] AndroidManifest.xml:23:9-26:75
107            android:name="com.google.android.gms.common.api.GoogleApiActivity"
107-->[com.google.android.gms:play-services-base:17.1.0] AndroidManifest.xml:24:13-79
108            android:exported="false"
108-->[com.google.android.gms:play-services-base:17.1.0] AndroidManifest.xml:25:13-37
109            android:theme="@android:style/Theme.Translucent.NoTitleBar" />
109-->[com.google.android.gms:play-services-base:17.1.0] AndroidManifest.xml:26:13-72
110
111        <provider
111-->[com.google.firebase:firebase-common:19.4.0] AndroidManifest.xml:26:9-31:39
112            android:name="com.google.firebase.provider.FirebaseInitProvider"
112-->[com.google.firebase:firebase-common:19.4.0] AndroidManifest.xml:27:13-77
113            android:authorities="com.example.greentag.firebaseinitprovider"
113-->[com.google.firebase:firebase-common:19.4.0] AndroidManifest.xml:28:13-72
114            android:directBootAware="true"
114-->[com.google.firebase:firebase-common:19.4.0] AndroidManifest.xml:29:13-43
115            android:exported="false"
115-->[com.google.firebase:firebase-common:19.4.0] AndroidManifest.xml:30:13-37
116            android:initOrder="100" />
116-->[com.google.firebase:firebase-common:19.4.0] AndroidManifest.xml:31:13-36
117
118        <meta-data
118-->[com.google.android.gms:play-services-basement:17.1.0] AndroidManifest.xml:23:9-25:69
119            android:name="com.google.android.gms.version"
119-->[com.google.android.gms:play-services-basement:17.1.0] AndroidManifest.xml:24:13-58
120            android:value="@integer/google_play_services_version" />
120-->[com.google.android.gms:play-services-basement:17.1.0] AndroidManifest.xml:25:13-66
121    </application>
122
123</manifest>